mode: set
github.com/nfernal/terraform-provider-jumpcloud/main.go:19.13,30.16 6 0
github.com/nfernal/terraform-provider-jumpcloud/main.go:30.16,32.3 1 0
github.com/nfernal/terraform-provider-jumpcloud/internal/client/client.go:43.35,45.2 1 1
github.com/nfernal/terraform-provider-jumpcloud/internal/client/client.go:48.81,49.18 1 1
github.com/nfernal/terraform-provider-jumpcloud/internal/client/client.go:49.18,51.3 1 1
github.com/nfernal/terraform-provider-jumpcloud/internal/client/client.go:53.2,68.3 8 1
github.com/nfernal/terraform-provider-jumpcloud/internal/client/client.go:72.113,76.17 3 1
github.com/nfernal/terraform-provider-jumpcloud/internal/client/client.go:76.17,78.17 2 1
github.com/nfernal/terraform-provider-jumpcloud/internal/client/client.go:78.17,80.4 1 0
github.com/nfernal/terraform-provider-jumpcloud/internal/client/client.go:81.3,81.41 1 1
github.com/nfernal/terraform-provider-jumpcloud/internal/client/client.go:84.2,85.16 2 1
github.com/nfernal/terraform-provider-jumpcloud/internal/client/client.go:85.16,87.3 1 0
github.com/nfernal/terraform-provider-jumpcloud/internal/client/client.go:89.2,94.19 5 1
github.com/nfernal/terraform-provider-jumpcloud/internal/client/client.go:94.19,96.3 1 1
github.com/nfernal/terraform-provider-jumpcloud/internal/client/client.go:98.2,104.16 3 1
github.com/nfernal/terraform-provider-jumpcloud/internal/client/client.go:104.16,106.3 1 0
github.com/nfernal/terraform-provider-jumpcloud/internal/client/client.go:107.2,107.15 1 1
github.com/nfernal/terraform-provider-jumpcloud/internal/client/client.go:107.15,107.40 1 1
github.com/nfernal/terraform-provider-jumpcloud/internal/client/client.go:109.2,110.16 2 1
github.com/nfernal/terraform-provider-jumpcloud/internal/client/client.go:110.16,112.3 1 0
github.com/nfernal/terraform-provider-jumpcloud/internal/client/client.go:114.2,118.65 2 1
github.com/nfernal/terraform-provider-jumpcloud/internal/client/client.go:118.65,120.3 1 1
github.com/nfernal/terraform-provider-jumpcloud/internal/client/client.go:122.2,122.22 1 1
github.com/nfernal/terraform-provider-jumpcloud/internal/client/client.go:126.115,128.21 2 1
github.com/nfernal/terraform-provider-jumpcloud/internal/client/client.go:128.21,130.3 1 1
github.com/nfernal/terraform-provider-jumpcloud/internal/client/client.go:132.2,133.16 2 1
github.com/nfernal/terraform-provider-jumpcloud/internal/client/client.go:133.16,135.3 1 0
github.com/nfernal/terraform-provider-jumpcloud/internal/client/client.go:137.2,142.19 5 1
github.com/nfernal/terraform-provider-jumpcloud/internal/client/client.go:142.19,144.3 1 1
github.com/nfernal/terraform-provider-jumpcloud/internal/client/client.go:146.2,152.16 3 1
github.com/nfernal/terraform-provider-jumpcloud/internal/client/client.go:152.16,154.3 1 0
github.com/nfernal/terraform-provider-jumpcloud/internal/client/client.go:155.2,155.15 1 1
github.com/nfernal/terraform-provider-jumpcloud/internal/client/client.go:155.15,155.40 1 1
github.com/nfernal/terraform-provider-jumpcloud/internal/client/client.go:157.2,158.16 2 1
github.com/nfernal/terraform-provider-jumpcloud/internal/client/client.go:158.16,160.3 1 0
github.com/nfernal/terraform-provider-jumpcloud/internal/client/client.go:162.2,166.65 2 1
github.com/nfernal/terraform-provider-jumpcloud/internal/client/client.go:166.65,168.3 1 1
github.com/nfernal/terraform-provider-jumpcloud/internal/client/client.go:170.2,170.22 1 1
github.com/nfernal/terraform-provider-jumpcloud/internal/client/client.go:174.121,175.19 1 1
github.com/nfernal/terraform-provider-jumpcloud/internal/client/client.go:175.19,177.3 1 1
github.com/nfernal/terraform-provider-jumpcloud/internal/client/client.go:179.2,182.6 3 1
github.com/nfernal/terraform-provider-jumpcloud/internal/client/client.go:182.6,187.17 4 1
github.com/nfernal/terraform-provider-jumpcloud/internal/client/client.go:187.17,189.4 1 1
github.com/nfernal/terraform-provider-jumpcloud/internal/client/client.go:193.3,196.56 2 1
github.com/nfernal/terraform-provider-jumpcloud/internal/client/client.go:196.56,202.60 2 1
github.com/nfernal/terraform-provider-jumpcloud/internal/client/client.go:202.60,204.5 1 1
github.com/nfernal/terraform-provider-jumpcloud/internal/client/client.go:205.4,205.32 1 1
github.com/nfernal/terraform-provider-jumpcloud/internal/client/client.go:208.3,210.30 2 1
github.com/nfernal/terraform-provider-jumpcloud/internal/client/client.go:210.30,211.9 1 1
github.com/nfernal/terraform-provider-jumpcloud/internal/client/client.go:214.3,214.19 1 1
github.com/nfernal/terraform-provider-jumpcloud/internal/client/client.go:217.2,217.24 1 1
github.com/nfernal/terraform-provider-jumpcloud/internal/client/client.go:221.55,222.43 1 1
github.com/nfernal/terraform-provider-jumpcloud/internal/client/client.go:222.43,224.3 1 1
github.com/nfernal/terraform-provider-jumpcloud/internal/client/client.go:226.2,236.43 3 1
github.com/nfernal/terraform-provider-jumpcloud/internal/client/client.go:236.43,237.28 1 1
github.com/nfernal/terraform-provider-jumpcloud/internal/client/client.go:237.28,239.4 1 1
github.com/nfernal/terraform-provider-jumpcloud/internal/client/client.go:239.9,239.33 1 1
github.com/nfernal/terraform-provider-jumpcloud/internal/client/client.go:239.33,241.4 1 1
github.com/nfernal/terraform-provider-jumpcloud/internal/client/client.go:244.2,244.15 1 1
github.com/nfernal/terraform-provider-jumpcloud/internal/client/client.go:248.33,249.39 1 1
github.com/nfernal/terraform-provider-jumpcloud/internal/client/client.go:249.39,251.3 1 1
github.com/nfernal/terraform-provider-jumpcloud/internal/client/client.go:252.2,252.14 1 1
github.com/nfernal/terraform-provider-jumpcloud/internal/client/system_groups.go:22.107,24.16 2 1
github.com/nfernal/terraform-provider-jumpcloud/internal/client/system_groups.go:24.16,26.3 1 1
github.com/nfernal/terraform-provider-jumpcloud/internal/client/system_groups.go:28.2,29.54 2 1
github.com/nfernal/terraform-provider-jumpcloud/internal/client/system_groups.go:29.54,31.3 1 0
github.com/nfernal/terraform-provider-jumpcloud/internal/client/system_groups.go:33.2,33.21 1 1
github.com/nfernal/terraform-provider-jumpcloud/internal/client/system_groups.go:37.96,39.16 2 1
github.com/nfernal/terraform-provider-jumpcloud/internal/client/system_groups.go:39.16,41.3 1 1
github.com/nfernal/terraform-provider-jumpcloud/internal/client/system_groups.go:43.2,44.54 2 1
github.com/nfernal/terraform-provider-jumpcloud/internal/client/system_groups.go:44.54,46.3 1 0
github.com/nfernal/terraform-provider-jumpcloud/internal/client/system_groups.go:48.2,48.21 1 1
github.com/nfernal/terraform-provider-jumpcloud/internal/client/system_groups.go:52.118,54.16 2 1
github.com/nfernal/terraform-provider-jumpcloud/internal/client/system_groups.go:54.16,56.3 1 1
github.com/nfernal/terraform-provider-jumpcloud/internal/client/system_groups.go:58.2,59.54 2 1
github.com/nfernal/terraform-provider-jumpcloud/internal/client/system_groups.go:59.54,61.3 1 0
github.com/nfernal/terraform-provider-jumpcloud/internal/client/system_groups.go:63.2,63.21 1 1
github.com/nfernal/terraform-provider-jumpcloud/internal/client/system_groups.go:67.83,69.16 2 1
github.com/nfernal/terraform-provider-jumpcloud/internal/client/system_groups.go:69.16,71.3 1 1
github.com/nfernal/terraform-provider-jumpcloud/internal/client/system_groups.go:73.2,73.12 1 1
github.com/nfernal/terraform-provider-jumpcloud/internal/client/user_groups.go:41.101,43.16 2 1
github.com/nfernal/terraform-provider-jumpcloud/internal/client/user_groups.go:43.16,45.3 1 1
github.com/nfernal/terraform-provider-jumpcloud/internal/client/user_groups.go:47.2,48.54 2 1
github.com/nfernal/terraform-provider-jumpcloud/internal/client/user_groups.go:48.54,50.3 1 0
github.com/nfernal/terraform-provider-jumpcloud/internal/client/user_groups.go:52.2,52.21 1 1
github.com/nfernal/terraform-provider-jumpcloud/internal/client/user_groups.go:56.92,58.16 2 1
github.com/nfernal/terraform-provider-jumpcloud/internal/client/user_groups.go:58.16,60.3 1 1
github.com/nfernal/terraform-provider-jumpcloud/internal/client/user_groups.go:62.2,63.54 2 1
github.com/nfernal/terraform-provider-jumpcloud/internal/client/user_groups.go:63.54,65.3 1 0
github.com/nfernal/terraform-provider-jumpcloud/internal/client/user_groups.go:67.2,67.21 1 1
github.com/nfernal/terraform-provider-jumpcloud/internal/client/user_groups.go:71.112,73.16 2 1
github.com/nfernal/terraform-provider-jumpcloud/internal/client/user_groups.go:73.16,75.3 1 0
github.com/nfernal/terraform-provider-jumpcloud/internal/client/user_groups.go:77.2,78.54 2 1
github.com/nfernal/terraform-provider-jumpcloud/internal/client/user_groups.go:78.54,80.3 1 0
github.com/nfernal/terraform-provider-jumpcloud/internal/client/user_groups.go:82.2,82.21 1 1
github.com/nfernal/terraform-provider-jumpcloud/internal/client/user_groups.go:86.81,88.16 2 1
github.com/nfernal/terraform-provider-jumpcloud/internal/client/user_groups.go:88.16,90.3 1 1
github.com/nfernal/terraform-provider-jumpcloud/internal/client/user_groups.go:92.2,92.12 1 1
github.com/nfernal/terraform-provider-jumpcloud/internal/client/user_groups.go:96.100,102.16 5 1
github.com/nfernal/terraform-provider-jumpcloud/internal/client/user_groups.go:102.16,104.3 1 0
github.com/nfernal/terraform-provider-jumpcloud/internal/client/user_groups.go:106.2,107.55 2 1
github.com/nfernal/terraform-provider-jumpcloud/internal/client/user_groups.go:107.55,109.3 1 0
github.com/nfernal/terraform-provider-jumpcloud/internal/client/user_groups.go:111.2,111.23 1 1
github.com/nfernal/terraform-provider-jumpcloud/internal/client/user_groups.go:111.23,116.3 1 1
github.com/nfernal/terraform-provider-jumpcloud/internal/client/user_groups.go:118.2,118.32 1 1
github.com/nfernal/terraform-provider-jumpcloud/internal/client/user_groups.go:118.32,119.25 1 1
github.com/nfernal/terraform-provider-jumpcloud/internal/client/user_groups.go:119.25,121.4 1 1
github.com/nfernal/terraform-provider-jumpcloud/internal/client/user_groups.go:124.2,127.3 1 1
github.com/nfernal/terraform-provider-jumpcloud/internal/client/user_groups.go:131.108,133.16 2 1
github.com/nfernal/terraform-provider-jumpcloud/internal/client/user_groups.go:133.16,135.3 1 1
github.com/nfernal/terraform-provider-jumpcloud/internal/client/user_groups.go:137.2,138.30 2 1
github.com/nfernal/terraform-provider-jumpcloud/internal/client/user_groups.go:138.30,140.52 2 1
github.com/nfernal/terraform-provider-jumpcloud/internal/client/user_groups.go:140.52,142.4 1 0
github.com/nfernal/terraform-provider-jumpcloud/internal/client/user_groups.go:143.3,143.37 1 1
github.com/nfernal/terraform-provider-jumpcloud/internal/client/user_groups.go:146.2,146.21 1 1
github.com/nfernal/terraform-provider-jumpcloud/internal/client/user_groups.go:150.118,152.16 2 1
github.com/nfernal/terraform-provider-jumpcloud/internal/client/user_groups.go:152.16,154.3 1 1
github.com/nfernal/terraform-provider-jumpcloud/internal/client/user_groups.go:156.2,156.12 1 1
github.com/nfernal/terraform-provider-jumpcloud/internal/client/users.go:58.97,60.16 2 1
github.com/nfernal/terraform-provider-jumpcloud/internal/client/users.go:60.16,62.3 1 1
github.com/nfernal/terraform-provider-jumpcloud/internal/client/users.go:64.2,65.54 2 1
github.com/nfernal/terraform-provider-jumpcloud/internal/client/users.go:65.54,67.3 1 0
github.com/nfernal/terraform-provider-jumpcloud/internal/client/users.go:69.2,69.21 1 1
github.com/nfernal/terraform-provider-jumpcloud/internal/client/users.go:73.88,75.16 2 1
github.com/nfernal/terraform-provider-jumpcloud/internal/client/users.go:75.16,77.3 1 1
github.com/nfernal/terraform-provider-jumpcloud/internal/client/users.go:79.2,80.54 2 1
github.com/nfernal/terraform-provider-jumpcloud/internal/client/users.go:80.54,82.3 1 0
github.com/nfernal/terraform-provider-jumpcloud/internal/client/users.go:84.2,84.21 1 1
github.com/nfernal/terraform-provider-jumpcloud/internal/client/users.go:88.108,90.16 2 1
github.com/nfernal/terraform-provider-jumpcloud/internal/client/users.go:90.16,92.3 1 1
github.com/nfernal/terraform-provider-jumpcloud/internal/client/users.go:94.2,95.54 2 1
github.com/nfernal/terraform-provider-jumpcloud/internal/client/users.go:95.54,97.3 1 0
github.com/nfernal/terraform-provider-jumpcloud/internal/client/users.go:99.2,99.21 1 1
github.com/nfernal/terraform-provider-jumpcloud/internal/client/users.go:103.76,105.16 2 1
github.com/nfernal/terraform-provider-jumpcloud/internal/client/users.go:105.16,107.3 1 1
github.com/nfernal/terraform-provider-jumpcloud/internal/client/users.go:109.2,109.12 1 1
github.com/nfernal/terraform-provider-jumpcloud/internal/client/users.go:113.98,119.16 5 1
github.com/nfernal/terraform-provider-jumpcloud/internal/client/users.go:119.16,121.3 1 0
github.com/nfernal/terraform-provider-jumpcloud/internal/client/users.go:123.2,127.56 2 1
github.com/nfernal/terraform-provider-jumpcloud/internal/client/users.go:127.56,129.3 1 0
github.com/nfernal/terraform-provider-jumpcloud/internal/client/users.go:131.2,131.32 1 1
github.com/nfernal/terraform-provider-jumpcloud/internal/client/users.go:131.32,136.3 1 1
github.com/nfernal/terraform-provider-jumpcloud/internal/client/users.go:139.2,139.40 1 1
github.com/nfernal/terraform-provider-jumpcloud/internal/client/users.go:139.40,140.26 1 1
github.com/nfernal/terraform-provider-jumpcloud/internal/client/users.go:140.26,142.4 1 1
github.com/nfernal/terraform-provider-jumpcloud/internal/client/users.go:145.2,148.3 1 1
github.com/nfernal/terraform-provider-jumpcloud/internal/client/users.go:152.104,158.16 5 1
github.com/nfernal/terraform-provider-jumpcloud/internal/client/users.go:158.16,160.3 1 0
github.com/nfernal/terraform-provider-jumpcloud/internal/client/users.go:162.2,166.56 2 1
github.com/nfernal/terraform-provider-jumpcloud/internal/client/users.go:166.56,168.3 1 0
github.com/nfernal/terraform-provider-jumpcloud/internal/client/users.go:170.2,170.32 1 1
github.com/nfernal/terraform-provider-jumpcloud/internal/client/users.go:170.32,175.3 1 1
github.com/nfernal/terraform-provider-jumpcloud/internal/client/users.go:178.2,178.40 1 1
github.com/nfernal/terraform-provider-jumpcloud/internal/client/users.go:178.40,179.32 1 1
github.com/nfernal/terraform-provider-jumpcloud/internal/client/users.go:179.32,181.4 1 1
github.com/nfernal/terraform-provider-jumpcloud/internal/client/users.go:184.2,187.3 1 1
github.com/nfernal/terraform-provider-jumpcloud/internal/provider/provider.go:33.51,34.34 1 1
github.com/nfernal/terraform-provider-jumpcloud/internal/provider/provider.go:34.34,38.3 1 1
github.com/nfernal/terraform-provider-jumpcloud/internal/provider/provider.go:41.118,44.2 2 0
github.com/nfernal/terraform-provider-jumpcloud/internal/provider/provider.go:46.112,65.2 1 0
github.com/nfernal/terraform-provider-jumpcloud/internal/provider/provider.go:67.125,71.33 3 0
github.com/nfernal/terraform-provider-jumpcloud/internal/provider/provider.go:71.33,73.3 1 0
github.com/nfernal/terraform-provider-jumpcloud/internal/provider/provider.go:76.2,76.31 1 0
github.com/nfernal/terraform-provider-jumpcloud/internal/provider/provider.go:76.31,82.3 1 0
github.com/nfernal/terraform-provider-jumpcloud/internal/provider/provider.go:83.2,83.30 1 0
github.com/nfernal/terraform-provider-jumpcloud/internal/provider/provider.go:83.30,89.3 1 0
github.com/nfernal/terraform-provider-jumpcloud/internal/provider/provider.go:90.2,90.31 1 0
github.com/nfernal/terraform-provider-jumpcloud/internal/provider/provider.go:90.31,96.3 1 0
github.com/nfernal/terraform-provider-jumpcloud/internal/provider/provider.go:97.2,97.33 1 0
github.com/nfernal/terraform-provider-jumpcloud/internal/provider/provider.go:97.33,99.3 1 0
github.com/nfernal/terraform-provider-jumpcloud/internal/provider/provider.go:102.2,103.18 2 0
github.com/nfernal/terraform-provider-jumpcloud/internal/provider/provider.go:103.18,105.3 1 0
github.com/nfernal/terraform-provider-jumpcloud/internal/provider/provider.go:106.2,106.18 1 0
github.com/nfernal/terraform-provider-jumpcloud/internal/provider/provider.go:106.18,112.3 2 0
github.com/nfernal/terraform-provider-jumpcloud/internal/provider/provider.go:114.2,115.17 2 0
github.com/nfernal/terraform-provider-jumpcloud/internal/provider/provider.go:115.17,117.3 1 0
github.com/nfernal/terraform-provider-jumpcloud/internal/provider/provider.go:119.2,120.18 2 0
github.com/nfernal/terraform-provider-jumpcloud/internal/provider/provider.go:120.18,122.3 1 0
github.com/nfernal/terraform-provider-jumpcloud/internal/provider/provider.go:124.2,127.30 3 0
github.com/nfernal/terraform-provider-jumpcloud/internal/provider/provider.go:130.85,137.2 1 0
github.com/nfernal/terraform-provider-jumpcloud/internal/provider/provider.go:139.91,144.2 1 0
github.com/nfernal/terraform-provider-jumpcloud/internal/provider/system_group_resource.go:26.49,28.2 1 0
github.com/nfernal/terraform-provider-jumpcloud/internal/provider/system_group_resource.go:42.122,44.2 1 0
github.com/nfernal/terraform-provider-jumpcloud/internal/provider/system_group_resource.go:46.114,71.2 1 0
github.com/nfernal/terraform-provider-jumpcloud/internal/provider/system_group_resource.go:73.125,74.29 1 0
github.com/nfernal/terraform-provider-jumpcloud/internal/provider/system_group_resource.go:74.29,76.3 1 0
github.com/nfernal/terraform-provider-jumpcloud/internal/provider/system_group_resource.go:78.2,79.9 2 0
github.com/nfernal/terraform-provider-jumpcloud/internal/provider/system_group_resource.go:79.9,85.3 2 0
github.com/nfernal/terraform-provider-jumpcloud/internal/provider/system_group_resource.go:87.2,87.14 1 0
github.com/nfernal/terraform-provider-jumpcloud/internal/provider/system_group_resource.go:90.118,93.33 3 0
github.com/nfernal/terraform-provider-jumpcloud/internal/provider/system_group_resource.go:93.33,95.3 1 0
github.com/nfernal/terraform-provider-jumpcloud/internal/provider/system_group_resource.go:97.2,103.16 3 0
github.com/nfernal/terraform-provider-jumpcloud/internal/provider/system_group_resource.go:103.16,109.3 2 0
github.com/nfernal/terraform-provider-jumpcloud/internal/provider/system_group_resource.go:111.2,120.56 5 0
github.com/nfernal/terraform-provider-jumpcloud/internal/provider/system_group_resource.go:123.112,126.33 3 0
github.com/nfernal/terraform-provider-jumpcloud/internal/provider/system_group_resource.go:126.33,128.3 1 0
github.com/nfernal/terraform-provider-jumpcloud/internal/provider/system_group_resource.go:130.2,131.16 2 0
github.com/nfernal/terraform-provider-jumpcloud/internal/provider/system_group_resource.go:131.16,132.29 1 0
github.com/nfernal/terraform-provider-jumpcloud/internal/provider/system_group_resource.go:132.29,138.4 3 0
github.com/nfernal/terraform-provider-jumpcloud/internal/provider/system_group_resource.go:139.3,143.9 2 0
github.com/nfernal/terraform-provider-jumpcloud/internal/provider/system_group_resource.go:146.2,150.57 4 0
github.com/nfernal/terraform-provider-jumpcloud/internal/provider/system_group_resource.go:153.118,156.33 3 0
github.com/nfernal/terraform-provider-jumpcloud/internal/provider/system_group_resource.go:156.33,158.3 1 0
github.com/nfernal/terraform-provider-jumpcloud/internal/provider/system_group_resource.go:160.2,162.33 3 0
github.com/nfernal/terraform-provider-jumpcloud/internal/provider/system_group_resource.go:162.33,164.3 1 0
github.com/nfernal/terraform-provider-jumpcloud/internal/provider/system_group_resource.go:166.2,172.16 3 0
github.com/nfernal/terraform-provider-jumpcloud/internal/provider/system_group_resource.go:172.16,178.3 2 0
github.com/nfernal/terraform-provider-jumpcloud/internal/provider/system_group_resource.go:180.2,188.56 5 0
github.com/nfernal/terraform-provider-jumpcloud/internal/provider/system_group_resource.go:191.118,194.33 3 0
github.com/nfernal/terraform-provider-jumpcloud/internal/provider/system_group_resource.go:194.33,196.3 1 0
github.com/nfernal/terraform-provider-jumpcloud/internal/provider/system_group_resource.go:198.2,199.16 2 0
github.com/nfernal/terraform-provider-jumpcloud/internal/provider/system_group_resource.go:199.16,200.29 1 0
github.com/nfernal/terraform-provider-jumpcloud/internal/provider/system_group_resource.go:200.29,202.4 1 0
github.com/nfernal/terraform-provider-jumpcloud/internal/provider/system_group_resource.go:203.3,206.4 1 0
github.com/nfernal/terraform-provider-jumpcloud/internal/provider/system_group_resource.go:209.2,211.4 1 0
github.com/nfernal/terraform-provider-jumpcloud/internal/provider/system_group_resource.go:214.133,216.2 1 0
github.com/nfernal/terraform-provider-jumpcloud/internal/provider/user_data_source.go:20.48,22.2 1 0
github.com/nfernal/terraform-provider-jumpcloud/internal/provider/user_data_source.go:66.121,68.2 1 0
github.com/nfernal/terraform-provider-jumpcloud/internal/provider/user_data_source.go:70.113,210.2 1 0
github.com/nfernal/terraform-provider-jumpcloud/internal/provider/user_data_source.go:212.124,213.29 1 0
github.com/nfernal/terraform-provider-jumpcloud/internal/provider/user_data_source.go:213.29,215.3 1 0
github.com/nfernal/terraform-provider-jumpcloud/internal/provider/user_data_source.go:217.2,218.9 2 0
github.com/nfernal/terraform-provider-jumpcloud/internal/provider/user_data_source.go:218.9,224.3 2 0
github.com/nfernal/terraform-provider-jumpcloud/internal/provider/user_data_source.go:226.2,226.14 1 0
github.com/nfernal/terraform-provider-jumpcloud/internal/provider/user_data_source.go:229.111,232.33 3 0
github.com/nfernal/terraform-provider-jumpcloud/internal/provider/user_data_source.go:232.33,234.3 1 0
github.com/nfernal/terraform-provider-jumpcloud/internal/provider/user_data_source.go:236.2,239.64 3 0
github.com/nfernal/terraform-provider-jumpcloud/internal/provider/user_data_source.go:239.64,241.3 1 0
github.com/nfernal/terraform-provider-jumpcloud/internal/provider/user_data_source.go:241.8,241.77 1 0
github.com/nfernal/terraform-provider-jumpcloud/internal/provider/user_data_source.go:241.77,243.3 1 0
github.com/nfernal/terraform-provider-jumpcloud/internal/provider/user_data_source.go:243.8,249.3 2 0
github.com/nfernal/terraform-provider-jumpcloud/internal/provider/user_data_source.go:251.2,251.16 1 0
github.com/nfernal/terraform-provider-jumpcloud/internal/provider/user_data_source.go:251.16,257.3 2 0
github.com/nfernal/terraform-provider-jumpcloud/internal/provider/user_data_source.go:259.2,266.57 3 0
github.com/nfernal/terraform-provider-jumpcloud/internal/provider/user_data_source.go:270.76,310.21 13 0
github.com/nfernal/terraform-provider-jumpcloud/internal/provider/user_data_source.go:310.21,313.3 2 0
github.com/nfernal/terraform-provider-jumpcloud/internal/provider/user_data_source.go:313.8,316.3 2 0
github.com/nfernal/terraform-provider-jumpcloud/internal/provider/user_data_source.go:318.2,318.14 1 0
github.com/nfernal/terraform-provider-jumpcloud/internal/provider/user_data_source.go:321.33,322.14 1 0
github.com/nfernal/terraform-provider-jumpcloud/internal/provider/user_data_source.go:322.14,324.3 1 0
github.com/nfernal/terraform-provider-jumpcloud/internal/provider/user_data_source.go:325.2,325.11 1 0
github.com/nfernal/terraform-provider-jumpcloud/internal/provider/user_data_source.go:328.32,329.14 1 0
github.com/nfernal/terraform-provider-jumpcloud/internal/provider/user_data_source.go:329.14,331.3 1 0
github.com/nfernal/terraform-provider-jumpcloud/internal/provider/user_data_source.go:332.2,332.18 1 0
github.com/nfernal/terraform-provider-jumpcloud/internal/provider/user_group_data_source.go:20.53,22.2 1 0
github.com/nfernal/terraform-provider-jumpcloud/internal/provider/user_group_data_source.go:36.126,38.2 1 0
github.com/nfernal/terraform-provider-jumpcloud/internal/provider/user_group_data_source.go:40.118,58.2 1 0
github.com/nfernal/terraform-provider-jumpcloud/internal/provider/user_group_data_source.go:60.129,61.29 1 0
github.com/nfernal/terraform-provider-jumpcloud/internal/provider/user_group_data_source.go:61.29,63.3 1 0
github.com/nfernal/terraform-provider-jumpcloud/internal/provider/user_group_data_source.go:65.2,66.9 2 0
github.com/nfernal/terraform-provider-jumpcloud/internal/provider/user_group_data_source.go:66.9,72.3 2 0
github.com/nfernal/terraform-provider-jumpcloud/internal/provider/user_group_data_source.go:74.2,74.14 1 0
github.com/nfernal/terraform-provider-jumpcloud/internal/provider/user_group_data_source.go:77.116,80.33 3 0
github.com/nfernal/terraform-provider-jumpcloud/internal/provider/user_group_data_source.go:80.33,82.3 1 0
github.com/nfernal/terraform-provider-jumpcloud/internal/provider/user_group_data_source.go:84.2,85.16 2 0
github.com/nfernal/terraform-provider-jumpcloud/internal/provider/user_group_data_source.go:85.16,91.3 2 0
github.com/nfernal/terraform-provider-jumpcloud/internal/provider/user_group_data_source.go:93.2,102.58 5 0
github.com/nfernal/terraform-provider-jumpcloud/internal/provider/user_group_membership_resource.go:27.57,29.2 1 0
github.com/nfernal/terraform-provider-jumpcloud/internal/provider/user_group_membership_resource.go:43.130,45.2 1 0
github.com/nfernal/terraform-provider-jumpcloud/internal/provider/user_group_membership_resource.go:47.122,74.2 1 0
github.com/nfernal/terraform-provider-jumpcloud/internal/provider/user_group_membership_resource.go:76.133,77.29 1 0
github.com/nfernal/terraform-provider-jumpcloud/internal/provider/user_group_membership_resource.go:77.29,79.3 1 0
github.com/nfernal/terraform-provider-jumpcloud/internal/provider/user_group_membership_resource.go:81.2,82.9 2 0
github.com/nfernal/terraform-provider-jumpcloud/internal/provider/user_group_membership_resource.go:82.9,88.3 2 0
github.com/nfernal/terraform-provider-jumpcloud/internal/provider/user_group_membership_resource.go:90.2,90.14 1 0
github.com/nfernal/terraform-provider-jumpcloud/internal/provider/user_group_membership_resource.go:93.126,96.33 3 0
github.com/nfernal/terraform-provider-jumpcloud/internal/provider/user_group_membership_resource.go:96.33,98.3 1 0
github.com/nfernal/terraform-provider-jumpcloud/internal/provider/user_group_membership_resource.go:100.2,107.16 3 0
github.com/nfernal/terraform-provider-jumpcloud/internal/provider/user_group_membership_resource.go:107.16,114.3 2 0
github.com/nfernal/terraform-provider-jumpcloud/internal/provider/user_group_membership_resource.go:116.2,123.56 3 0
github.com/nfernal/terraform-provider-jumpcloud/internal/provider/user_group_membership_resource.go:126.120,129.33 3 0
github.com/nfernal/terraform-provider-jumpcloud/internal/provider/user_group_membership_resource.go:129.33,131.3 1 0
github.com/nfernal/terraform-provider-jumpcloud/internal/provider/user_group_membership_resource.go:133.2,134.16 2 0
github.com/nfernal/terraform-provider-jumpcloud/internal/provider/user_group_membership_resource.go:134.16,135.29 1 0
github.com/nfernal/terraform-provider-jumpcloud/internal/provider/user_group_membership_resource.go:135.29,141.4 3 0
github.com/nfernal/terraform-provider-jumpcloud/internal/provider/user_group_membership_resource.go:142.3,146.9 2 0
github.com/nfernal/terraform-provider-jumpcloud/internal/provider/user_group_membership_resource.go:149.2,150.33 2 0
github.com/nfernal/terraform-provider-jumpcloud/internal/provider/user_group_membership_resource.go:150.33,151.71 1 0
github.com/nfernal/terraform-provider-jumpcloud/internal/provider/user_group_membership_resource.go:151.71,153.9 2 0
github.com/nfernal/terraform-provider-jumpcloud/internal/provider/user_group_membership_resource.go:157.2,157.12 1 0
github.com/nfernal/terraform-provider-jumpcloud/internal/provider/user_group_membership_resource.go:157.12,164.3 3 0
github.com/nfernal/terraform-provider-jumpcloud/internal/provider/user_group_membership_resource.go:166.2,166.57 1 0
github.com/nfernal/terraform-provider-jumpcloud/internal/provider/user_group_membership_resource.go:169.122,175.2 1 0
github.com/nfernal/terraform-provider-jumpcloud/internal/provider/user_group_membership_resource.go:177.126,180.33 3 0
github.com/nfernal/terraform-provider-jumpcloud/internal/provider/user_group_membership_resource.go:180.33,182.3 1 0
github.com/nfernal/terraform-provider-jumpcloud/internal/provider/user_group_membership_resource.go:184.2,191.16 3 0
github.com/nfernal/terraform-provider-jumpcloud/internal/provider/user_group_membership_resource.go:191.16,192.29 1 0
github.com/nfernal/terraform-provider-jumpcloud/internal/provider/user_group_membership_resource.go:192.29,194.4 1 0
github.com/nfernal/terraform-provider-jumpcloud/internal/provider/user_group_membership_resource.go:195.3,200.9 2 0
github.com/nfernal/terraform-provider-jumpcloud/internal/provider/user_group_membership_resource.go:203.2,206.4 1 0
github.com/nfernal/terraform-provider-jumpcloud/internal/provider/user_group_membership_resource.go:209.141,211.57 2 0
github.com/nfernal/terraform-provider-jumpcloud/internal/provider/user_group_membership_resource.go:211.57,217.3 2 0
github.com/nfernal/terraform-provider-jumpcloud/internal/provider/user_group_membership_resource.go:219.2,221.83 3 0
github.com/nfernal/terraform-provider-jumpcloud/internal/provider/user_group_resource.go:26.47,28.2 1 0
github.com/nfernal/terraform-provider-jumpcloud/internal/provider/user_group_resource.go:42.120,44.2 1 0
github.com/nfernal/terraform-provider-jumpcloud/internal/provider/user_group_resource.go:46.112,71.2 1 0
github.com/nfernal/terraform-provider-jumpcloud/internal/provider/user_group_resource.go:73.123,74.29 1 0
github.com/nfernal/terraform-provider-jumpcloud/internal/provider/user_group_resource.go:74.29,76.3 1 0
github.com/nfernal/terraform-provider-jumpcloud/internal/provider/user_group_resource.go:78.2,79.9 2 0
github.com/nfernal/terraform-provider-jumpcloud/internal/provider/user_group_resource.go:79.9,85.3 2 0
github.com/nfernal/terraform-provider-jumpcloud/internal/provider/user_group_resource.go:87.2,87.14 1 0
github.com/nfernal/terraform-provider-jumpcloud/internal/provider/user_group_resource.go:90.116,93.33 3 0
github.com/nfernal/terraform-provider-jumpcloud/internal/provider/user_group_resource.go:93.33,95.3 1 0
github.com/nfernal/terraform-provider-jumpcloud/internal/provider/user_group_resource.go:97.2,103.16 3 0
github.com/nfernal/terraform-provider-jumpcloud/internal/provider/user_group_resource.go:103.16,109.3 2 0
github.com/nfernal/terraform-provider-jumpcloud/internal/provider/user_group_resource.go:111.2,120.56 5 0
github.com/nfernal/terraform-provider-jumpcloud/internal/provider/user_group_resource.go:123.110,126.33 3 0
github.com/nfernal/terraform-provider-jumpcloud/internal/provider/user_group_resource.go:126.33,128.3 1 0
github.com/nfernal/terraform-provider-jumpcloud/internal/provider/user_group_resource.go:130.2,131.16 2 0
github.com/nfernal/terraform-provider-jumpcloud/internal/provider/user_group_resource.go:131.16,132.29 1 0
github.com/nfernal/terraform-provider-jumpcloud/internal/provider/user_group_resource.go:132.29,138.4 3 0
github.com/nfernal/terraform-provider-jumpcloud/internal/provider/user_group_resource.go:139.3,143.9 2 0
github.com/nfernal/terraform-provider-jumpcloud/internal/provider/user_group_resource.go:146.2,150.57 4 0
github.com/nfernal/terraform-provider-jumpcloud/internal/provider/user_group_resource.go:153.116,156.33 3 0
github.com/nfernal/terraform-provider-jumpcloud/internal/provider/user_group_resource.go:156.33,158.3 1 0
github.com/nfernal/terraform-provider-jumpcloud/internal/provider/user_group_resource.go:160.2,162.33 3 0
github.com/nfernal/terraform-provider-jumpcloud/internal/provider/user_group_resource.go:162.33,164.3 1 0
github.com/nfernal/terraform-provider-jumpcloud/internal/provider/user_group_resource.go:166.2,172.16 3 0
github.com/nfernal/terraform-provider-jumpcloud/internal/provider/user_group_resource.go:172.16,178.3 2 0
github.com/nfernal/terraform-provider-jumpcloud/internal/provider/user_group_resource.go:180.2,188.56 5 0
github.com/nfernal/terraform-provider-jumpcloud/internal/provider/user_group_resource.go:191.116,194.33 3 0
github.com/nfernal/terraform-provider-jumpcloud/internal/provider/user_group_resource.go:194.33,196.3 1 0
github.com/nfernal/terraform-provider-jumpcloud/internal/provider/user_group_resource.go:198.2,199.16 2 0
github.com/nfernal/terraform-provider-jumpcloud/internal/provider/user_group_resource.go:199.16,200.29 1 0
github.com/nfernal/terraform-provider-jumpcloud/internal/provider/user_group_resource.go:200.29,202.4 1 0
github.com/nfernal/terraform-provider-jumpcloud/internal/provider/user_group_resource.go:203.3,206.4 1 0
github.com/nfernal/terraform-provider-jumpcloud/internal/provider/user_group_resource.go:209.2,211.4 1 0
github.com/nfernal/terraform-provider-jumpcloud/internal/provider/user_group_resource.go:214.131,216.2 1 0
github.com/nfernal/terraform-provider-jumpcloud/internal/provider/user_resource.go:28.42,30.2 1 0
github.com/nfernal/terraform-provider-jumpcloud/internal/provider/user_resource.go:75.115,77.2 1 0
github.com/nfernal/terraform-provider-jumpcloud/internal/provider/user_resource.go:79.107,329.2 1 0
github.com/nfernal/terraform-provider-jumpcloud/internal/provider/user_resource.go:331.118,332.29 1 0
github.com/nfernal/terraform-provider-jumpcloud/internal/provider/user_resource.go:332.29,334.3 1 0
github.com/nfernal/terraform-provider-jumpcloud/internal/provider/user_resource.go:336.2,337.9 2 0
github.com/nfernal/terraform-provider-jumpcloud/internal/provider/user_resource.go:337.9,343.3 2 0
github.com/nfernal/terraform-provider-jumpcloud/internal/provider/user_resource.go:345.2,345.14 1 0
github.com/nfernal/terraform-provider-jumpcloud/internal/provider/user_resource.go:348.111,351.33 3 0
github.com/nfernal/terraform-provider-jumpcloud/internal/provider/user_resource.go:351.33,353.3 1 0
github.com/nfernal/terraform-provider-jumpcloud/internal/provider/user_resource.go:355.2,358.16 3 0
github.com/nfernal/terraform-provider-jumpcloud/internal/provider/user_resource.go:358.16,364.3 2 0
github.com/nfernal/terraform-provider-jumpcloud/internal/provider/user_resource.go:366.2,373.57 3 0
github.com/nfernal/terraform-provider-jumpcloud/internal/provider/user_resource.go:376.105,379.33 3 0
github.com/nfernal/terraform-provider-jumpcloud/internal/provider/user_resource.go:379.33,381.3 1 0
github.com/nfernal/terraform-provider-jumpcloud/internal/provider/user_resource.go:383.2,384.16 2 0
github.com/nfernal/terraform-provider-jumpcloud/internal/provider/user_resource.go:384.16,385.29 1 0
github.com/nfernal/terraform-provider-jumpcloud/internal/provider/user_resource.go:385.29,391.4 3 0
github.com/nfernal/terraform-provider-jumpcloud/internal/provider/user_resource.go:392.3,396.9 2 0
github.com/nfernal/terraform-provider-jumpcloud/internal/provider/user_resource.go:399.2,401.60 2 0
github.com/nfernal/terraform-provider-jumpcloud/internal/provider/user_resource.go:404.111,407.33 3 0
github.com/nfernal/terraform-provider-jumpcloud/internal/provider/user_resource.go:407.33,409.3 1 0
github.com/nfernal/terraform-provider-jumpcloud/internal/provider/user_resource.go:411.2,413.33 3 0
github.com/nfernal/terraform-provider-jumpcloud/internal/provider/user_resource.go:413.33,415.3 1 0
github.com/nfernal/terraform-provider-jumpcloud/internal/provider/user_resource.go:417.2,420.16 3 0
github.com/nfernal/terraform-provider-jumpcloud/internal/provider/user_resource.go:420.16,426.3 2 0
github.com/nfernal/terraform-provider-jumpcloud/internal/provider/user_resource.go:428.2,434.60 3 0
github.com/nfernal/terraform-provider-jumpcloud/internal/provider/user_resource.go:437.111,440.33 3 0
github.com/nfernal/terraform-provider-jumpcloud/internal/provider/user_resource.go:440.33,442.3 1 0
github.com/nfernal/terraform-provider-jumpcloud/internal/provider/user_resource.go:444.2,445.16 2 0
github.com/nfernal/terraform-provider-jumpcloud/internal/provider/user_resource.go:445.16,446.29 1 0
github.com/nfernal/terraform-provider-jumpcloud/internal/provider/user_resource.go:446.29,448.4 1 0
github.com/nfernal/terraform-provider-jumpcloud/internal/provider/user_resource.go:449.3,452.4 1 0
github.com/nfernal/terraform-provider-jumpcloud/internal/provider/user_resource.go:455.2,457.4 1 0
github.com/nfernal/terraform-provider-jumpcloud/internal/provider/user_resource.go:460.126,462.2 1 0
github.com/nfernal/terraform-provider-jumpcloud/internal/provider/user_resource.go:465.64,471.63 2 0
github.com/nfernal/terraform-provider-jumpcloud/internal/provider/user_resource.go:471.63,473.3 1 0
github.com/nfernal/terraform-provider-jumpcloud/internal/provider/user_resource.go:474.2,474.61 1 0
github.com/nfernal/terraform-provider-jumpcloud/internal/provider/user_resource.go:474.61,476.3 1 0
github.com/nfernal/terraform-provider-jumpcloud/internal/provider/user_resource.go:477.2,477.61 1 0
github.com/nfernal/terraform-provider-jumpcloud/internal/provider/user_resource.go:477.61,479.3 1 0
github.com/nfernal/terraform-provider-jumpcloud/internal/provider/user_resource.go:480.2,480.67 1 0
github.com/nfernal/terraform-provider-jumpcloud/internal/provider/user_resource.go:480.67,482.3 1 0
github.com/nfernal/terraform-provider-jumpcloud/internal/provider/user_resource.go:483.2,483.65 1 0
github.com/nfernal/terraform-provider-jumpcloud/internal/provider/user_resource.go:483.65,485.3 1 0
github.com/nfernal/terraform-provider-jumpcloud/internal/provider/user_resource.go:486.2,486.65 1 0
github.com/nfernal/terraform-provider-jumpcloud/internal/provider/user_resource.go:486.65,488.3 1 0
github.com/nfernal/terraform-provider-jumpcloud/internal/provider/user_resource.go:489.2,489.59 1 0
github.com/nfernal/terraform-provider-jumpcloud/internal/provider/user_resource.go:489.59,491.3 1 0
github.com/nfernal/terraform-provider-jumpcloud/internal/provider/user_resource.go:492.2,492.69 1 0
github.com/nfernal/terraform-provider-jumpcloud/internal/provider/user_resource.go:492.69,494.3 1 0
github.com/nfernal/terraform-provider-jumpcloud/internal/provider/user_resource.go:495.2,495.81 1 0
github.com/nfernal/terraform-provider-jumpcloud/internal/provider/user_resource.go:495.81,497.3 1 0
github.com/nfernal/terraform-provider-jumpcloud/internal/provider/user_resource.go:498.2,498.61 1 0
github.com/nfernal/terraform-provider-jumpcloud/internal/provider/user_resource.go:498.61,500.3 1 0
github.com/nfernal/terraform-provider-jumpcloud/internal/provider/user_resource.go:501.2,501.61 1 0
github.com/nfernal/terraform-provider-jumpcloud/internal/provider/user_resource.go:501.61,503.3 1 0
github.com/nfernal/terraform-provider-jumpcloud/internal/provider/user_resource.go:504.2,504.59 1 0
github.com/nfernal/terraform-provider-jumpcloud/internal/provider/user_resource.go:504.59,506.3 1 0
github.com/nfernal/terraform-provider-jumpcloud/internal/provider/user_resource.go:507.2,507.65 1 0
github.com/nfernal/terraform-provider-jumpcloud/internal/provider/user_resource.go:507.65,509.3 1 0
github.com/nfernal/terraform-provider-jumpcloud/internal/provider/user_resource.go:510.2,510.67 1 0
github.com/nfernal/terraform-provider-jumpcloud/internal/provider/user_resource.go:510.67,512.3 1 0
github.com/nfernal/terraform-provider-jumpcloud/internal/provider/user_resource.go:515.2,515.71 1 0
github.com/nfernal/terraform-provider-jumpcloud/internal/provider/user_resource.go:515.71,518.3 2 0
github.com/nfernal/terraform-provider-jumpcloud/internal/provider/user_resource.go:519.2,519.73 1 0
github.com/nfernal/terraform-provider-jumpcloud/internal/provider/user_resource.go:519.73,522.3 2 0
github.com/nfernal/terraform-provider-jumpcloud/internal/provider/user_resource.go:523.2,523.53 1 0
github.com/nfernal/terraform-provider-jumpcloud/internal/provider/user_resource.go:523.53,526.3 2 0
github.com/nfernal/terraform-provider-jumpcloud/internal/provider/user_resource.go:527.2,527.77 1 0
github.com/nfernal/terraform-provider-jumpcloud/internal/provider/user_resource.go:527.77,530.3 2 0
github.com/nfernal/terraform-provider-jumpcloud/internal/provider/user_resource.go:531.2,531.77 1 0
github.com/nfernal/terraform-provider-jumpcloud/internal/provider/user_resource.go:531.77,534.3 2 0
github.com/nfernal/terraform-provider-jumpcloud/internal/provider/user_resource.go:535.2,535.79 1 0
github.com/nfernal/terraform-provider-jumpcloud/internal/provider/user_resource.go:535.79,538.3 2 0
github.com/nfernal/terraform-provider-jumpcloud/internal/provider/user_resource.go:539.2,539.75 1 0
github.com/nfernal/terraform-provider-jumpcloud/internal/provider/user_resource.go:539.75,542.3 2 0
github.com/nfernal/terraform-provider-jumpcloud/internal/provider/user_resource.go:543.2,543.99 1 0
github.com/nfernal/terraform-provider-jumpcloud/internal/provider/user_resource.go:543.99,546.3 2 0
github.com/nfernal/terraform-provider-jumpcloud/internal/provider/user_resource.go:547.2,547.63 1 0
github.com/nfernal/terraform-provider-jumpcloud/internal/provider/user_resource.go:547.63,550.3 2 0
github.com/nfernal/terraform-provider-jumpcloud/internal/provider/user_resource.go:553.2,553.59 1 0
github.com/nfernal/terraform-provider-jumpcloud/internal/provider/user_resource.go:553.59,556.3 2 0
github.com/nfernal/terraform-provider-jumpcloud/internal/provider/user_resource.go:557.2,557.61 1 0
github.com/nfernal/terraform-provider-jumpcloud/internal/provider/user_resource.go:557.61,560.3 2 0
github.com/nfernal/terraform-provider-jumpcloud/internal/provider/user_resource.go:563.2,564.69 1 0
github.com/nfernal/terraform-provider-jumpcloud/internal/provider/user_resource.go:564.69,566.72 2 0
github.com/nfernal/terraform-provider-jumpcloud/internal/provider/user_resource.go:566.72,569.4 2 0
github.com/nfernal/terraform-provider-jumpcloud/internal/provider/user_resource.go:570.3,570.70 1 0
github.com/nfernal/terraform-provider-jumpcloud/internal/provider/user_resource.go:570.70,573.4 2 0
github.com/nfernal/terraform-provider-jumpcloud/internal/provider/user_resource.go:576.2,576.13 1 0
github.com/nfernal/terraform-provider-jumpcloud/internal/provider/user_resource.go:581.94,609.31 3 0
github.com/nfernal/terraform-provider-jumpcloud/internal/provider/user_resource.go:609.31,611.3 1 0
github.com/nfernal/terraform-provider-jumpcloud/internal/provider/user_resource.go:611.8,613.3 1 0
github.com/nfernal/terraform-provider-jumpcloud/internal/provider/user_resource.go:614.2,614.32 1 0
github.com/nfernal/terraform-provider-jumpcloud/internal/provider/user_resource.go:614.32,616.3 1 0
github.com/nfernal/terraform-provider-jumpcloud/internal/provider/user_resource.go:616.8,618.3 1 0
github.com/nfernal/terraform-provider-jumpcloud/internal/provider/user_resource.go:619.2,619.22 1 0
github.com/nfernal/terraform-provider-jumpcloud/internal/provider/user_resource.go:619.22,621.3 1 0
github.com/nfernal/terraform-provider-jumpcloud/internal/provider/user_resource.go:621.8,623.3 1 0
github.com/nfernal/terraform-provider-jumpcloud/internal/provider/user_resource.go:624.2,624.34 1 0
github.com/nfernal/terraform-provider-jumpcloud/internal/provider/user_resource.go:624.34,626.3 1 0
github.com/nfernal/terraform-provider-jumpcloud/internal/provider/user_resource.go:626.8,628.3 1 0
github.com/nfernal/terraform-provider-jumpcloud/internal/provider/user_resource.go:629.2,629.34 1 0
github.com/nfernal/terraform-provider-jumpcloud/internal/provider/user_resource.go:629.34,631.3 1 0
github.com/nfernal/terraform-provider-jumpcloud/internal/provider/user_resource.go:631.8,633.3 1 0
github.com/nfernal/terraform-provider-jumpcloud/internal/provider/user_resource.go:634.2,634.35 1 0
github.com/nfernal/terraform-provider-jumpcloud/internal/provider/user_resource.go:634.35,636.3 1 0
github.com/nfernal/terraform-provider-jumpcloud/internal/provider/user_resource.go:636.8,638.3 1 0
github.com/nfernal/terraform-provider-jumpcloud/internal/provider/user_resource.go:639.2,639.33 1 0
github.com/nfernal/terraform-provider-jumpcloud/internal/provider/user_resource.go:639.33,641.3 1 0
github.com/nfernal/terraform-provider-jumpcloud/internal/provider/user_resource.go:641.8,643.3 1 0
github.com/nfernal/terraform-provider-jumpcloud/internal/provider/user_resource.go:644.2,644.45 1 0
github.com/nfernal/terraform-provider-jumpcloud/internal/provider/user_resource.go:644.45,646.3 1 0
github.com/nfernal/terraform-provider-jumpcloud/internal/provider/user_resource.go:646.8,648.3 1 0
github.com/nfernal/terraform-provider-jumpcloud/internal/provider/user_resource.go:649.2,649.27 1 0
github.com/nfernal/terraform-provider-jumpcloud/internal/provider/user_resource.go:649.27,651.3 1 0
github.com/nfernal/terraform-provider-jumpcloud/internal/provider/user_resource.go:651.8,653.3 1 0
github.com/nfernal/terraform-provider-jumpcloud/internal/provider/user_resource.go:656.2,656.25 1 0
github.com/nfernal/terraform-provider-jumpcloud/internal/provider/user_resource.go:656.25,658.3 1 0
github.com/nfernal/terraform-provider-jumpcloud/internal/provider/user_resource.go:658.8,660.3 1 0
github.com/nfernal/terraform-provider-jumpcloud/internal/provider/user_resource.go:661.2,661.26 1 0
github.com/nfernal/terraform-provider-jumpcloud/internal/provider/user_resource.go:661.26,663.3 1 0
github.com/nfernal/terraform-provider-jumpcloud/internal/provider/user_resource.go:663.8,665.3 1 0
github.com/nfernal/terraform-provider-jumpcloud/internal/provider/user_resource.go:668.2,668.21 1 0
github.com/nfernal/terraform-provider-jumpcloud/internal/provider/user_resource.go:668.21,669.33 1 0
github.com/nfernal/terraform-provider-jumpcloud/internal/provider/user_resource.go:669.33,671.4 1 0
github.com/nfernal/terraform-provider-jumpcloud/internal/provider/user_resource.go:671.9,673.4 1 0
github.com/nfernal/terraform-provider-jumpcloud/internal/provider/user_resource.go:674.3,674.32 1 0
github.com/nfernal/terraform-provider-jumpcloud/internal/provider/user_resource.go:674.32,676.4 1 0
github.com/nfernal/terraform-provider-jumpcloud/internal/provider/user_resource.go:676.9,678.4 1 0
github.com/nfernal/terraform-provider-jumpcloud/internal/provider/user_resource.go:679.8,682.3 2 0
github.com/nfernal/terraform-provider-jumpcloud/internal/provider/user_resource.go:684.2,684.14 1 0
